  CMFCOpenCVAppDlg.cpp
C:\Users\dawoo\Desktop\ChattingProject\CMFCOpenCVApp_Server\CMFCOpenCVApp\CMFCOpenCVAppDlg.cpp(254,10): warning C4267: '초기화 중': 'size_t'에서 'int'(으)로 변환하면서 데이터가 손실될 수 있습니다.
  (소스 파일 '/CMFCOpenCVAppDlg.cpp'을(를) 컴파일하는 중)
  
C:\Users\dawoo\Desktop\ChattingProject\CMFCOpenCVApp_Server\CMFCOpenCVApp\CMFCOpenCVAppDlg.cpp(393,10): error C2678: 이항 '==': 왼쪽 피연산자로 'std::_Binder<std::_Unforced,SOCKET &,SOCKADDR *,size_t>' 형식을 사용하는 연산자가 없거나 허용되는 변환이 없습니다.
  (소스 파일 '/CMFCOpenCVAppDlg.cpp'을(를) 컴파일하는 중)
      C:\Program Files (x86)\Windows Kits\10\Include\10.0.22621.0\um\d2d1helper.h(1024,1):
      'bool operator ==(const D2D1_RECT_U &,const D2D1_RECT_U &)'일 수 있습니다.
          C:\Users\dawoo\Desktop\ChattingProject\CMFCOpenCVApp_Server\CMFCOpenCVApp\CMFCOpenCVAppDlg.cpp(393,10):
          'bool operator ==(const D2D1_RECT_U &,const D2D1_RECT_U &)': 인수 1을(를) 'std::_Binder<std::_Unforced,SOCKET &,SOCKADDR *,size_t>'에서 'const D2D1_RECT_U &'(으)로 변환할 수 없습니다.
              C:\Users\dawoo\Desktop\ChattingProject\CMFCOpenCVApp_Server\CMFCOpenCVApp\CMFCOpenCVAppDlg.cpp(393,10):
              원인: 'std::_Binder<std::_Unforced,SOCKET &,SOCKADDR *,size_t>'에서 'const D2D1_RECT_U'(으)로 변환할 수 없습니다.
              C:\Users\dawoo\Desktop\ChattingProject\CMFCOpenCVApp_Server\CMFCOpenCVApp\CMFCOpenCVAppDlg.cpp(393,10):
              이 변환을 수행할 수 있는 사용 가능한 사용자 정의 변환 연산자가 없거나 연산자를 호출할 수 없습니다.
      C:\Program Files (x86)\Windows Kits\10\Include\10.0.22621.0\um\d2d1helper.h(1016,1):
      또는       'bool operator ==(const D2D1_SIZE_U &,const D2D1_SIZE_U &)'
          C:\Users\dawoo\Desktop\ChattingProject\CMFCOpenCVApp_Server\CMFCOpenCVApp\CMFCOpenCVAppDlg.cpp(393,10):
          'bool operator ==(const D2D1_SIZE_U &,const D2D1_SIZE_U &)': 인수 1을(를) 'std::_Binder<std::_Unforced,SOCKET &,SOCKADDR *,size_t>'에서 'const D2D1_SIZE_U &'(으)로 변환할 수 없습니다.
              C:\Users\dawoo\Desktop\ChattingProject\CMFCOpenCVApp_Server\CMFCOpenCVApp\CMFCOpenCVAppDlg.cpp(393,10):
              원인: 'std::_Binder<std::_Unforced,SOCKET &,SOCKADDR *,size_t>'에서 'const D2D1_SIZE_U'(으)로 변환할 수 없습니다.
              C:\Users\dawoo\Desktop\ChattingProject\CMFCOpenCVApp_Server\CMFCOpenCVApp\CMFCOpenCVAppDlg.cpp(393,10):
              이 변환을 수행할 수 있는 사용 가능한 사용자 정의 변환 연산자가 없거나 연산자를 호출할 수 없습니다.
      C:\Program Files (x86)\Windows Kits\10\Include\10.0.22621.0\shared\devpropdef.h(168,13):
      또는       'bool operator ==(const DEVPROPCOMPKEY &,const DEVPROPCOMPKEY &)'
          C:\Users\dawoo\Desktop\ChattingProject\CMFCOpenCVApp_Server\CMFCOpenCVApp\CMFCOpenCVAppDlg.cpp(393,10):
          'bool operator ==(const DEVPROPCOMPKEY &,const DEVPROPCOMPKEY &)': 인수 1을(를) 'std::_Binder<std::_Unforced,SOCKET &,SOCKADDR *,size_t>'에서 'const DEVPROPCOMPKEY &'(으)로 변환할 수 없습니다.
              C:\Users\dawoo\Desktop\ChattingProject\CMFCOpenCVApp_Server\CMFCOpenCVApp\CMFCOpenCVAppDlg.cpp(393,10):
              원인: 'std::_Binder<std::_Unforced,SOCKET &,SOCKADDR *,size_t>'에서 'const DEVPROPCOMPKEY'(으)로 변환할 수 없습니다.
              C:\Users\dawoo\Desktop\ChattingProject\CMFCOpenCVApp_Server\CMFCOpenCVApp\CMFCOpenCVAppDlg.cpp(393,10):
              이 변환을 수행할 수 있는 사용 가능한 사용자 정의 변환 연산자가 없거나 연산자를 호출할 수 없습니다.
      C:\Program Files (x86)\Windows Kits\10\Include\10.0.22621.0\shared\devpropdef.h(119,13):
      또는       'bool operator ==(const DEVPROPKEY &,const DEVPROPKEY &)'
          C:\Users\dawoo\Desktop\ChattingProject\CMFCOpenCVApp_Server\CMFCOpenCVApp\CMFCOpenCVAppDlg.cpp(393,10):
          'bool operator ==(const DEVPROPKEY &,const DEVPROPKEY &)': 인수 1을(를) 'std::_Binder<std::_Unforced,SOCKET &,SOCKADDR *,size_t>'에서 'const DEVPROPKEY &'(으)로 변환할 수 없습니다.
              C:\Users\dawoo\Desktop\ChattingProject\CMFCOpenCVApp_Server\CMFCOpenCVApp\CMFCOpenCVAppDlg.cpp(393,10):
              원인: 'std::_Binder<std::_Unforced,SOCKET &,SOCKADDR *,size_t>'에서 'const DEVPROPKEY'(으)로 변환할 수 없습니다.
              C:\Users\dawoo\Desktop\ChattingProject\CMFCOpenCVApp_Server\CMFCOpenCVApp\CMFCOpenCVAppDlg.cpp(393,10):
              이 변환을 수행할 수 있는 사용 가능한 사용자 정의 변환 연산자가 없거나 연산자를 호출할 수 없습니다.
      C:\Program Files (x86)\Windows Kits\10\Include\10.0.22621.0\um\propkeydef.h(35,14):
      또는       'int operator ==(const PROPERTYKEY &,const PROPERTYKEY &)'
          C:\Users\dawoo\Desktop\ChattingProject\CMFCOpenCVApp_Server\CMFCOpenCVApp\CMFCOpenCVAppDlg.cpp(393,10):
          'int operator ==(const PROPERTYKEY &,const PROPERTYKEY &)': 인수 1을(를) 'std::_Binder<std::_Unforced,SOCKET &,SOCKADDR *,size_t>'에서 'const PROPERTYKEY &'(으)로 변환할 수 없습니다.
              C:\Users\dawoo\Desktop\ChattingProject\CMFCOpenCVApp_Server\CMFCOpenCVApp\CMFCOpenCVAppDlg.cpp(393,10):
              원인: 'std::_Binder<std::_Unforced,SOCKET &,SOCKADDR *,size_t>'에서 'const PROPERTYKEY'(으)로 변환할 수 없습니다.
              C:\Users\dawoo\Desktop\ChattingProject\CMFCOpenCVApp_Server\CMFCOpenCVApp\CMFCOpenCVAppDlg.cpp(393,10):
              이 변환을 수행할 수 있는 사용 가능한 사용자 정의 변환 연산자가 없거나 연산자를 호출할 수 없습니다.
      C:\Program Files (x86)\Windows Kits\10\Include\10.0.22621.0\shared\guiddef.h(192,15):
      또는       'bool operator ==(const GUID &,const GUID &)'
          C:\Users\dawoo\Desktop\ChattingProject\CMFCOpenCVApp_Server\CMFCOpenCVApp\CMFCOpenCVAppDlg.cpp(393,10):
          'bool operator ==(const GUID &,const GUID &)': 인수 1을(를) 'std::_Binder<std::_Unforced,SOCKET &,SOCKADDR *,size_t>'에서 'const GUID &'(으)로 변환할 수 없습니다.
              C:\Users\dawoo\Desktop\ChattingProject\CMFCOpenCVApp_Server\CMFCOpenCVApp\CMFCOpenCVAppDlg.cpp(393,10):
              원인: 'std::_Binder<std::_Unforced,SOCKET &,SOCKADDR *,size_t>'에서 'const GUID'(으)로 변환할 수 없습니다.
              C:\Users\dawoo\Desktop\ChattingProject\CMFCOpenCVApp_Server\CMFCOpenCVApp\CMFCOpenCVAppDlg.cpp(393,10):
              이 변환을 수행할 수 있는 사용 가능한 사용자 정의 변환 연산자가 없거나 연산자를 호출할 수 없습니다.
      C:\Program Files\Microsoft Visual Studio\2022\Community\VC\Tools\MSVC\14.43.34808\include\thread(267,36):
      또는       'bool std::operator ==(std::thread::id,std::thread::id) noexcept'
          C:\Users\dawoo\Desktop\ChattingProject\CMFCOpenCVApp_Server\CMFCOpenCVApp\CMFCOpenCVAppDlg.cpp(393,10):
          'bool std::operator ==(std::thread::id,std::thread::id) noexcept': 인수 1을(를) 'std::_Binder<std::_Unforced,SOCKET &,SOCKADDR *,size_t>'에서 'std::thread::id'(으)로 변환할 수 없습니다.
              C:\Users\dawoo\Desktop\ChattingProject\CMFCOpenCVApp_Server\CMFCOpenCVApp\CMFCOpenCVAppDlg.cpp(393,10):
              이 변환을 수행할 수 있는 사용 가능한 사용자 정의 변환 연산자가 없거나 연산자를 호출할 수 없습니다.
      C:\opencv\build\include\opencv2\features2d.hpp(1355,1):
      또는       'bool cv::operator ==(const cv::DrawMatchesFlags &,const int &)'
          C:\Users\dawoo\Desktop\ChattingProject\CMFCOpenCVApp_Server\CMFCOpenCVApp\CMFCOpenCVAppDlg.cpp(393,10):
          'bool cv::operator ==(const cv::DrawMatchesFlags &,const int &)': 인수 1을(를) 'std::_Binder<std::_Unforced,SOCKET &,SOCKADDR *,size_t>'에서 'const cv::DrawMatchesFlags &'(으)로 변환할 수 없습니다.
              C:\Users\dawoo\Desktop\ChattingProject\CMFCOpenCVApp_Server\CMFCOpenCVApp\CMFCOpenCVAppDlg.cpp(393,10):
              원인: 'std::_Binder<std::_Unforced,SOCKET &,SOCKADDR *,size_t>'에서 'const cv::DrawMatchesFlags'(으)로 변환할 수 없습니다.
              C:\Users\dawoo\Desktop\ChattingProject\CMFCOpenCVApp_Server\CMFCOpenCVApp\CMFCOpenCVAppDlg.cpp(393,10):
              이 변환을 수행할 수 있는 사용 가능한 사용자 정의 변환 연산자가 없거나 연산자를 호출할 수 없습니다.
      C:\opencv\build\include\opencv2\core\persistence.hpp(1257,17):
      또는       'bool cv::operator ==(const cv::FileNodeIterator &,const cv::FileNodeIterator &)'
          C:\Users\dawoo\Desktop\ChattingProject\CMFCOpenCVApp_Server\CMFCOpenCVApp\CMFCOpenCVAppDlg.cpp(393,10):
          'bool cv::operator ==(const cv::FileNodeIterator &,const cv::FileNodeIterator &)': 인수 1을(를) 'std::_Binder<std::_Unforced,SOCKET &,SOCKADDR *,size_t>'에서 'const cv::FileNodeIterator &'(으)로 변환할 수 없습니다.
              C:\Users\dawoo\Desktop\ChattingProject\CMFCOpenCVApp_Server\CMFCOpenCVApp\CMFCOpenCVAppDlg.cpp(393,10):
              원인: 'std::_Binder<std::_Unforced,SOCKET &,SOCKADDR *,size_t>'에서 'const cv::FileNodeIterator'(으)로 변환할 수 없습니다.
              C:\Users\dawoo\Desktop\ChattingProject\CMFCOpenCVApp_Server\CMFCOpenCVApp\CMFCOpenCVAppDlg.cpp(393,10):
              이 변환을 수행할 수 있는 사용 가능한 사용자 정의 변환 연산자가 없거나 연산자를 호출할 수 없습니다.
      C:\opencv\build\include\opencv2\core\mat.inl.hpp(2801,6):
      또는       'bool cv::operator ==(const cv::SparseMatConstIterator &,const cv::SparseMatConstIterator &)'
          C:\Users\dawoo\Desktop\ChattingProject\CMFCOpenCVApp_Server\CMFCOpenCVApp\CMFCOpenCVAppDlg.cpp(393,10):
          'bool cv::operator ==(const cv::SparseMatConstIterator &,const cv::SparseMatConstIterator &)': 인수 1을(를) 'std::_Binder<std::_Unforced,SOCKET &,SOCKADDR *,size_t>'에서 'const cv::SparseMatConstIterator &'(으)로 변환할 수 없습니다.
              C:\Users\dawoo\Desktop\ChattingProject\CMFCOpenCVApp_Server\CMFCOpenCVApp\CMFCOpenCVAppDlg.cpp(393,10):
              원인: 'std::_Binder<std::_Unforced,SOCKET &,SOCKADDR *,size_t>'에서 'const cv::SparseMatConstIterator'(으)로 변환할 수 없습니다.
              C:\Users\dawoo\Desktop\ChattingProject\CMFCOpenCVApp_Server\CMFCOpenCVApp\CMFCOpenCVAppDlg.cpp(393,10):
              이 변환을 수행할 수 있는 사용 가능한 사용자 정의 변환 연산자가 없거나 연산자를 호출할 수 없습니다.
      C:\opencv\build\include\opencv2\core\mat.inl.hpp(2392,6):
      또는       'bool cv::operator ==(const cv::MatConstIterator &,const cv::MatConstIterator &)'
          C:\Users\dawoo\Desktop\ChattingProject\CMFCOpenCVApp_Server\CMFCOpenCVApp\CMFCOpenCVAppDlg.cpp(393,10):
          'bool cv::operator ==(const cv::MatConstIterator &,const cv::MatConstIterator &)': 인수 1을(를) 'std::_Binder<std::_Unforced,SOCKET &,SOCKADDR *,size_t>'에서 'const cv::MatConstIterator &'(으)로 변환할 수 없습니다.
              C:\Users\dawoo\Desktop\ChattingProject\CMFCOpenCVApp_Server\CMFCOpenCVApp\CMFCOpenCVAppDlg.cpp(393,10):
              원인: 'std::_Binder<std::_Unforced,SOCKET &,SOCKADDR *,size_t>'에서 'const cv::MatConstIterator'(으)로 변환할 수 없습니다.
              C:\Users\dawoo\Desktop\ChattingProject\CMFCOpenCVApp_Server\CMFCOpenCVApp\CMFCOpenCVAppDlg.cpp(393,10):
              이 변환을 수행할 수 있는 사용 가능한 사용자 정의 변환 연산자가 없거나 연산자를 호출할 수 없습니다.
      C:\opencv\build\include\opencv2\core\mat.hpp(3718,20):
      또는       'cv::MatExpr cv::operator ==(double,const cv::Mat &)'
          C:\Users\dawoo\Desktop\ChattingProject\CMFCOpenCVApp_Server\CMFCOpenCVApp\CMFCOpenCVAppDlg.cpp(393,10):
          'cv::MatExpr cv::operator ==(double,const cv::Mat &)': 인수 1을(를) 'std::_Binder<std::_Unforced,SOCKET &,SOCKADDR *,size_t>'에서 'double'(으)로 변환할 수 없습니다.
              C:\Users\dawoo\Desktop\ChattingProject\CMFCOpenCVApp_Server\CMFCOpenCVApp\CMFCOpenCVAppDlg.cpp(393,10):
              이 변환을 수행할 수 있는 사용 가능한 사용자 정의 변환 연산자가 없거나 연산자를 호출할 수 없습니다.
      C:\opencv\build\include\opencv2\core\mat.hpp(3717,20):
      또는       'cv::MatExpr cv::operator ==(const cv::Mat &,double)'
          C:\Users\dawoo\Desktop\ChattingProject\CMFCOpenCVApp_Server\CMFCOpenCVApp\CMFCOpenCVAppDlg.cpp(393,10):
          'cv::MatExpr cv::operator ==(const cv::Mat &,double)': 인수 1을(를) 'std::_Binder<std::_Unforced,SOCKET &,SOCKADDR *,size_t>'에서 'const cv::Mat &'(으)로 변환할 수 없습니다.
              C:\Users\dawoo\Desktop\ChattingProject\CMFCOpenCVApp_Server\CMFCOpenCVApp\CMFCOpenCVAppDlg.cpp(393,10):
              원인: 'std::_Binder<std::_Unforced,SOCKET &,SOCKADDR *,size_t>'에서 'const cv::Mat'(으)로 변환할 수 없습니다.
              C:\Users\dawoo\Desktop\ChattingProject\CMFCOpenCVApp_Server\CMFCOpenCVApp\CMFCOpenCVAppDlg.cpp(393,10):
              이 변환을 수행할 수 있는 사용 가능한 사용자 정의 변환 연산자가 없거나 연산자를 호출할 수 없습니다.
      C:\opencv\build\include\opencv2\core\mat.hpp(3716,20):
      또는       'cv::MatExpr cv::operator ==(const cv::Mat &,const cv::Mat &)'
          C:\Users\dawoo\Desktop\ChattingProject\CMFCOpenCVApp_Server\CMFCOpenCVApp\CMFCOpenCVAppDlg.cpp(393,10):
          'cv::MatExpr cv::operator ==(const cv::Mat &,const cv::Mat &)': 인수 1을(를) 'std::_Binder<std::_Unforced,SOCKET &,SOCKADDR *,size_t>'에서 'const cv::Mat &'(으)로 변환할 수 없습니다.
              C:\Users\dawoo\Desktop\ChattingProject\CMFCOpenCVApp_Server\CMFCOpenCVApp\CMFCOpenCVAppDlg.cpp(393,10):
              원인: 'std::_Binder<std::_Unforced,SOCKET &,SOCKADDR *,size_t>'에서 'const cv::Mat'(으)로 변환할 수 없습니다.
              C:\Users\dawoo\Desktop\ChattingProject\CMFCOpenCVApp_Server\CMFCOpenCVApp\CMFCOpenCVAppDlg.cpp(393,10):
              이 변환을 수행할 수 있는 사용 가능한 사용자 정의 변환 연산자가 없거나 연산자를 호출할 수 없습니다.
      C:\opencv\build\include\opencv2\core\mat.hpp(601,1):
      또는       'bool cv::operator ==(const cv::UMatData::MemoryFlag &,const int &)'
          C:\Users\dawoo\Desktop\ChattingProject\CMFCOpenCVApp_Server\CMFCOpenCVApp\CMFCOpenCVAppDlg.cpp(393,10):
          'bool cv::operator ==(const cv::UMatData::MemoryFlag &,const int &)': 인수 1을(를) 'std::_Binder<std::_Unforced,SOCKET &,SOCKADDR *,size_t>'에서 'const cv::UMatData::MemoryFlag &'(으)로 변환할 수 없습니다.
              C:\Users\dawoo\Desktop\ChattingProject\CMFCOpenCVApp_Server\CMFCOpenCVApp\CMFCOpenCVAppDlg.cpp(393,10):
              원인: 'std::_Binder<std::_Unforced,SOCKET &,SOCKADDR *,size_t>'에서 'const cv::UMatData::MemoryFlag'(으)로 변환할 수 없습니다.
              C:\Users\dawoo\Desktop\ChattingProject\CMFCOpenCVApp_Server\CMFCOpenCVApp\CMFCOpenCVAppDlg.cpp(393,10):
              이 변환을 수행할 수 있는 사용 가능한 사용자 정의 변환 연산자가 없거나 연산자를 호출할 수 없습니다.
      C:\opencv\build\include\opencv2\core\mat.hpp(67,1):
      또는       'bool cv::operator ==(const cv::AccessFlag &,const int &)'
          C:\Users\dawoo\Desktop\ChattingProject\CMFCOpenCVApp_Server\CMFCOpenCVApp\CMFCOpenCVAppDlg.cpp(393,10):
          'bool cv::operator ==(const cv::AccessFlag &,const int &)': 인수 1을(를) 'std::_Binder<std::_Unforced,SOCKET &,SOCKADDR *,size_t>'에서 'const cv::AccessFlag &'(으)로 변환할 수 없습니다.
              C:\Users\dawoo\Desktop\ChattingProject\CMFCOpenCVApp_Server\CMFCOpenCVApp\CMFCOpenCVAppDlg.cpp(393,10):
              원인: 'std::_Binder<std::_Unforced,SOCKET &,SOCKADDR *,size_t>'에서 'const cv::AccessFlag'(으)로 변환할 수 없습니다.
              C:\Users\dawoo\Desktop\ChattingProject\CMFCOpenCVApp_Server\CMFCOpenCVApp\CMFCOpenCVAppDlg.cpp(393,10):
              이 변환을 수행할 수 있는 사용 가능한 사용자 정의 변환 연산자가 없거나 연산자를 호출할 수 없습니다.
      C:\opencv\build\include\opencv2\core\types.hpp(2104,6):
      또는       'bool cv::operator ==(const cv::Range &,const cv::Range &)'
          C:\Users\dawoo\Desktop\ChattingProject\CMFCOpenCVApp_Server\CMFCOpenCVApp\CMFCOpenCVAppDlg.cpp(393,10):
          'bool cv::operator ==(const cv::Range &,const cv::Range &)': 인수 1을(를) 'std::_Binder<std::_Unforced,SOCKET &,SOCKADDR *,size_t>'에서 'const cv::Range &'(으)로 변환할 수 없습니다.
              C:\Users\dawoo\Desktop\ChattingProject\CMFCOpenCVApp_Server\CMFCOpenCVApp\CMFCOpenCVAppDlg.cpp(393,10):
              원인: 'std::_Binder<std::_Unforced,SOCKET &,SOCKADDR *,size_t>'에서 'const cv::Range'(으)로 변환할 수 없습니다.
              C:\Users\dawoo\Desktop\ChattingProject\CMFCOpenCVApp_Server\CMFCOpenCVApp\CMFCOpenCVAppDlg.cpp(393,10):
              이 변환을 수행할 수 있는 사용 가능한 사용자 정의 변환 연산자가 없거나 연산자를 호출할 수 없습니다.
      C:\opencv\build\include\opencv2\core\mat.hpp(268,1):
      또는       'bool cv::debug_build_guard::operator ==(const cv::debug_build_guard::_InputArray::KindFlag &,const int &)'
          C:\Users\dawoo\Desktop\ChattingProject\CMFCOpenCVApp_Server\CMFCOpenCVApp\CMFCOpenCVAppDlg.cpp(393,10):
          'bool cv::debug_build_guard::operator ==(const cv::debug_build_guard::_InputArray::KindFlag &,const int &)': 인수 1을(를) 'std::_Binder<std::_Unforced,SOCKET &,SOCKADDR *,size_t>'에서 'const cv::debug_build_guard::_InputArray::KindFlag &'(으)로 변환할 수 없습니다.
              C:\Users\dawoo\Desktop\ChattingProject\CMFCOpenCVApp_Server\CMFCOpenCVApp\CMFCOpenCVAppDlg.cpp(393,10):
              원인: 'std::_Binder<std::_Unforced,SOCKET &,SOCKADDR *,size_t>'에서 'const cv::debug_build_guard::_InputArray::KindFlag'(으)로 변환할 수 없습니다.
              C:\Users\dawoo\Desktop\ChattingProject\CMFCOpenCVApp_Server\CMFCOpenCVApp\CMFCOpenCVAppDlg.cpp(393,10):
              이 변환을 수행할 수 있는 사용 가능한 사용자 정의 변환 연산자가 없거나 연산자를 호출할 수 없습니다.
      C:\Program Files\Microsoft Visual Studio\2022\Community\VC\Tools\MSVC\14.43.34808\include\queue(182,17):
      또는       'bool std::operator ==(const std::queue<_Ty,_Container> &,const std::queue<_Ty,_Container> &)'
          C:\Users\dawoo\Desktop\ChattingProject\CMFCOpenCVApp_Server\CMFCOpenCVApp\CMFCOpenCVAppDlg.cpp(393,10):
          'bool std::operator ==(const std::queue<_Ty,_Container> &,const std::queue<_Ty,_Container> &)': 'std::_Binder<std::_Unforced,SOCKET &,SOCKADDR *,size_t>'에서 'const std::queue<_Ty,_Container> &'에 대한 템플릿 인수를 추론할 수 없습니다.
      C:\Program Files\Microsoft Visual Studio\2022\Community\VC\Tools\MSVC\14.43.34808\include\deque(1794,17):
      또는       'bool std::operator ==(const std::deque<_Ty,_Alloc> &,const std::deque<_Ty,_Alloc> &)'
          C:\Users\dawoo\Desktop\ChattingProject\CMFCOpenCVApp_Server\CMFCOpenCVApp\CMFCOpenCVAppDlg.cpp(393,10):
          'bool std::operator ==(const std::deque<_Ty,_Alloc> &,const std::deque<_Ty,_Alloc> &)': 'std::_Binder<std::_Unforced,SOCKET &,SOCKADDR *,size_t>'에서 'const std::deque<_Ty,_Alloc> &'에 대한 템플릿 인수를 추론할 수 없습니다.
      C:\Program Files\Microsoft Visual Studio\2022\Community\VC\Tools\MSVC\14.43.34808\include\unordered_map(912,17):
      또는       'bool std::operator ==(const std::unordered_multimap<_Kty,_Ty,_Hasher,_Keyeq,_Alloc> &,const std::unordered_multimap<_Kty,_Ty,_Hasher,_Keyeq,_Alloc> &)'
          C:\Users\dawoo\Desktop\ChattingProject\CMFCOpenCVApp_Server\CMFCOpenCVApp\CMFCOpenCVAppDlg.cpp(393,10):
          'bool std::operator ==(const std::unordered_multimap<_Kty,_Ty,_Hasher,_Keyeq,_Alloc> &,const std::unordered_multimap<_Kty,_Ty,_Hasher,_Keyeq,_Alloc> &)': 'std::_Binder<std::_Unforced,SOCKET &,SOCKADDR *,size_t>'에서 'const std::unordered_multimap<_Kty,_Ty,_Hasher,_Keyeq,_Alloc> &'에 대한 템플릿 인수를 추론할 수 없습니다.
      C:\Program Files\Microsoft Visual Studio\2022\Community\VC\Tools\MSVC\14.43.34808\include\unordered_map(538,17):
      또는       'bool std::operator ==(const std::unordered_map<_Kty,_Ty,_Hasher,_Keyeq,_Alloc> &,const std::unordered_map<_Kty,_Ty,_Hasher,_Keyeq,_Alloc> &)'
          C:\Users\dawoo\Desktop\ChattingProject\CMFCOpenCVApp_Server\CMFCOpenCVApp\CMFCOpenCVAppDlg.cpp(393,10):
          'bool std::operator ==(const std::unordered_map<_Kty,_Ty,_Hasher,_Keyeq,_Alloc> &,const std::unordered_map<_Kty,_Ty,_Hasher,_Keyeq,_Alloc> &)': 'std::_Binder<std::_Unforced,SOCKET &,SOCKADDR *,size_t>'에서 'const std::unordered_map<_Kty,_Ty,_Hasher,_Keyeq,_Alloc> &'에 대한 템플릿 인수를 추론할 수 없습니다.
      C:\Program Files\Microsoft Visual Studio\2022\Community\VC\Tools\MSVC\14.43.34808\include\list(1882,17):
      또는       'bool std::operator ==(const std::list<_Ty,_Alloc> &,const std::list<_Ty,_Alloc> &)'
          C:\Users\dawoo\Desktop\ChattingProject\CMFCOpenCVApp_Server\CMFCOpenCVApp\CMFCOpenCVAppDlg.cpp(393,10):
          'bool std::operator ==(const std::list<_Ty,_Alloc> &,const std::list<_Ty,_Alloc> &)': 'std::_Binder<std::_Unforced,SOCKET &,SOCKADDR *,size_t>'에서 'const std::list<_Ty,_Alloc> &'에 대한 템플릿 인수를 추론할 수 없습니다.
      C:\Program Files\Microsoft Visual Studio\2022\Community\VC\Tools\MSVC\14.43.34808\include\set(424,17):
      또는       'bool std::operator ==(const std::multiset<_Kty,_Pr,_Alloc> &,const std::multiset<_Kty,_Pr,_Alloc> &)'
          C:\Users\dawoo\Desktop\ChattingProject\CMFCOpenCVApp_Server\CMFCOpenCVApp\CMFCOpenCVAppDlg.cpp(393,10):
          'bool std::operator ==(const std::multiset<_Kty,_Pr,_Alloc> &,const std::multiset<_Kty,_Pr,_Alloc> &)': 'std::_Binder<std::_Unforced,SOCKET &,SOCKADDR *,size_t>'에서 'const std::multiset<_Kty,_Pr,_Alloc> &'에 대한 템플릿 인수를 추론할 수 없습니다.
      C:\Program Files\Microsoft Visual Studio\2022\Community\VC\Tools\MSVC\14.43.34808\include\set(209,17):
      또는       'bool std::operator ==(const std::set<_Kty,_Pr,_Alloc> &,const std::set<_Kty,_Pr,_Alloc> &)'
          C:\Users\dawoo\Desktop\ChattingProject\CMFCOpenCVApp_Server\CMFCOpenCVApp\CMFCOpenCVAppDlg.cpp(393,10):
          'bool std::operator ==(const std::set<_Kty,_Pr,_Alloc> &,const std::set<_Kty,_Pr,_Alloc> &)': 'std::_Binder<std::_Unforced,SOCKET &,SOCKADDR *,size_t>'에서 'const std::set<_Kty,_Pr,_Alloc> &'에 대한 템플릿 인수를 추론할 수 없습니다.
      C:\Program Files\Microsoft Visual Studio\2022\Community\VC\Tools\MSVC\14.43.34808\include\map(631,17):
      또는       'bool std::operator ==(const std::multimap<_Kty,_Ty,_Pr,_Alloc> &,const std::multimap<_Kty,_Ty,_Pr,_Alloc> &)'
          C:\Users\dawoo\Desktop\ChattingProject\CMFCOpenCVApp_Server\CMFCOpenCVApp\CMFCOpenCVAppDlg.cpp(393,10):
          'bool std::operator ==(const std::multimap<_Kty,_Ty,_Pr,_Alloc> &,const std::multimap<_Kty,_Ty,_Pr,_Alloc> &)': 'std::_Binder<std::_Unforced,SOCKET &,SOCKADDR *,size_t>'에서 'const std::multimap<_Kty,_Ty,_Pr,_Alloc> &'에 대한 템플릿 인수를 추론할 수 없습니다.
      C:\Program Files\Microsoft Visual Studio\2022\Community\VC\Tools\MSVC\14.43.34808\include\map(400,17):
      또는       'bool std::operator ==(const std::map<_Kty,_Ty,_Pr,_Alloc> &,const std::map<_Kty,_Ty,_Pr,_Alloc> &)'
          C:\Users\dawoo\Desktop\ChattingProject\CMFCOpenCVApp_Server\CMFCOpenCVApp\CMFCOpenCVAppDlg.cpp(393,10):
          'bool std::operator ==(const std::map<_Kty,_Ty,_Pr,_Alloc> &,const std::map<_Kty,_Ty,_Pr,_Alloc> &)': 'std::_Binder<std::_Unforced,SOCKET &,SOCKADDR *,size_t>'에서 'const std::map<_Kty,_Ty,_Pr,_Alloc> &'에 대한 템플릿 인수를 추론할 수 없습니다.
      C:\Program Files\Microsoft Visual Studio\2022\Community\VC\Tools\MSVC\14.43.34808\include\functional(1284,17):
      또는       'bool std::operator ==(std::nullptr_t,const std::function<_Fty> &) noexcept'
          C:\Users\dawoo\Desktop\ChattingProject\CMFCOpenCVApp_Server\CMFCOpenCVApp\CMFCOpenCVAppDlg.cpp(393,10):
          'bool std::operator ==(std::nullptr_t,const std::function<_Fty> &) noexcept': 'int'에서 'const std::function<_Fty> &'에 대한 템플릿 인수를 추론할 수 없습니다.
      C:\Program Files\Microsoft Visual Studio\2022\Community\VC\Tools\MSVC\14.43.34808\include\functional(1278,17):
      또는       'bool std::operator ==(const std::function<_Fty> &,std::nullptr_t) noexcept'
          C:\Users\dawoo\Desktop\ChattingProject\CMFCOpenCVApp_Server\CMFCOpenCVApp\CMFCOpenCVAppDlg.cpp(393,10):
          'bool std::operator ==(const std::function<_Fty> &,std::nullptr_t) noexcept': 'std::_Binder<std::_Unforced,SOCKET &,SOCKADDR *,size_t>'에서 'const std::function<_Fty> &'에 대한 템플릿 인수를 추론할 수 없습니다.
      C:\Program Files\Microsoft Visual Studio\2022\Community\VC\Tools\MSVC\14.43.34808\include\tuple(844,27):
      또는       'bool std::operator ==(const std::tuple<_Types...> &,const std::tuple<_Types...> &)'
          C:\Users\dawoo\Desktop\ChattingProject\CMFCOpenCVApp_Server\CMFCOpenCVApp\CMFCOpenCVAppDlg.cpp(393,10):
          'bool std::operator ==(const std::tuple<_Types...> &,const std::tuple<_Types...> &)': 'std::_Binder<std::_Unforced,SOCKET &,SOCKADDR *,size_t>'에서 'const std::tuple<_Types...> &'에 대한 템플릿 인수를 추론할 수 없습니다.
      C:\Program Files\Microsoft Visual Studio\2022\Community\VC\Tools\MSVC\14.43.34808\include\complex(1542,27):
      또는       'bool std::operator ==(const _Ty &,const std::complex<_Other> &) noexcept(<expr>)'
          C:\Users\dawoo\Desktop\ChattingProject\CMFCOpenCVApp_Server\CMFCOpenCVApp\CMFCOpenCVAppDlg.cpp(393,10):
          'bool std::operator ==(const _Ty &,const std::complex<_Other> &) noexcept(<expr>)': 'int'에서 'const std::complex<_Other> &'에 대한 템플릿 인수를 추론할 수 없습니다.
      C:\Program Files\Microsoft Visual Studio\2022\Community\VC\Tools\MSVC\14.43.34808\include\complex(1535,27):
      또는       'bool std::operator ==(const std::complex<_Other> &,const _Ty &) noexcept(<expr>)'
          C:\Users\dawoo\Desktop\ChattingProject\CMFCOpenCVApp_Server\CMFCOpenCVApp\CMFCOpenCVAppDlg.cpp(393,10):
          'bool std::operator ==(const std::complex<_Other> &,const _Ty &) noexcept(<expr>)': 'std::_Binder<std::_Unforced,SOCKET &,SOCKADDR *,size_t>'에서 'const std::complex<_Other> &'에 대한 템플릿 인수를 추론할 수 없습니다.
      C:\Program Files\Microsoft Visual Studio\2022\Community\VC\Tools\MSVC\14.43.34808\include\complex(1529,27):
      또는       'bool std::operator ==(const std::complex<_Other> &,const std::complex<_Other> &) noexcept(<expr>)'
          C:\Users\dawoo\Desktop\ChattingProject\CMFCOpenCVApp_Server\CMFCOpenCVApp\CMFCOpenCVAppDlg.cpp(393,10):
          'bool std::operator ==(const std::complex<_Other> &,const std::complex<_Other> &) noexcept(<expr>)': 'std::_Binder<std::_Unforced,SOCKET &,SOCKADDR *,size_t>'에서 'const std::complex<_Other> &'에 대한 템플릿 인수를 추론할 수 없습니다.
      C:\Program Files\Microsoft Visual Studio\2022\Community\VC\Tools\MSVC\14.43.34808\include\iterator(486,17):
      또는       'bool std::operator ==(const std::istreambuf_iterator<_Elem,_Traits> &,const std::istreambuf_iterator<_Elem,_Traits> &)'
          C:\Users\dawoo\Desktop\ChattingProject\CMFCOpenCVApp_Server\CMFCOpenCVApp\CMFCOpenCVAppDlg.cpp(393,10):
          'bool std::operator ==(const std::istreambuf_iterator<_Elem,_Traits> &,const std::istreambuf_iterator<_Elem,_Traits> &)': 'std::_Binder<std::_Unforced,SOCKET &,SOCKADDR *,size_t>'에서 'const std::istreambuf_iterator<_Elem,_Traits> &'에 대한 템플릿 인수를 추론할 수 없습니다.
      C:\Program Files\Microsoft Visual Studio\2022\Community\VC\Tools\MSVC\14.43.34808\include\iterator(304,17):
      또는       'bool std::operator ==(const std::istream_iterator<_Ty,_Elem,_Traits,_Diff> &,const std::istream_iterator<_Ty,_Elem,_Traits,_Diff> &) noexcept'
          C:\Users\dawoo\Desktop\ChattingProject\CMFCOpenCVApp_Server\CMFCOpenCVApp\CMFCOpenCVAppDlg.cpp(393,10):
          'bool std::operator ==(const std::istream_iterator<_Ty,_Elem,_Traits,_Diff> &,const std::istream_iterator<_Ty,_Elem,_Traits,_Diff> &) noexcept': 'std::_Binder<std::_Unforced,SOCKET &,SOCKADDR *,size_t>'에서 'const std::istream_iterator<_Ty,_Elem,_Traits,_Diff> &'에 대한 템플릿 인수를 추론할 수 없습니다.
      C:\Program Files\Microsoft Visual Studio\2022\Community\VC\Tools\MSVC\14.43.34808\include\array(781,30):
      또는       'bool std::operator ==(const std::array<_Ty,_Size> &,const std::array<_Ty,_Size> &)'
          C:\Users\dawoo\Desktop\ChattingProject\CMFCOpenCVApp_Server\CMFCOpenCVApp\CMFCOpenCVAppDlg.cpp(393,10):
          'bool std::operator ==(const std::array<_Ty,_Size> &,const std::array<_Ty,_Size> &)': 'std::_Binder<std::_Unforced,SOCKET &,SOCKADDR *,size_t>'에서 'const std::array<_Ty,_Size> &'에 대한 템플릿 인수를 추론할 수 없습니다.
      C:\Program Files\Microsoft Visual Studio\2022\Community\VC\Tools\MSVC\14.43.34808\include\vector(2251,30):
      또는       'bool std::operator ==(const std::vector<_Ty,_Alloc> &,const std::vector<_Ty,_Alloc> &)'
          C:\Users\dawoo\Desktop\ChattingProject\CMFCOpenCVApp_Server\CMFCOpenCVApp\CMFCOpenCVAppDlg.cpp(393,10):
          'bool std::operator ==(const std::vector<_Ty,_Alloc> &,const std::vector<_Ty,_Alloc> &)': 'std::_Binder<std::_Unforced,SOCKET &,SOCKADDR *,size_t>'에서 'const std::vector<_Ty,_Alloc> &'에 대한 템플릿 인수를 추론할 수 없습니다.
      C:\Program Files\Microsoft Visual Studio\2022\Community\VC\Tools\MSVC\14.43.34808\include\memory(3682,17):
      또는       'bool std::operator ==(std::nullptr_t,const std::unique_ptr<_Ty,_Dx> &) noexcept'
          C:\Users\dawoo\Desktop\ChattingProject\CMFCOpenCVApp_Server\CMFCOpenCVApp\CMFCOpenCVAppDlg.cpp(393,10):
          'bool std::operator ==(std::nullptr_t,const std::unique_ptr<_Ty,_Dx> &) noexcept': 'int'에서 'const std::unique_ptr<_Ty,_Dx> &'에 대한 템플릿 인수를 추론할 수 없습니다.
      C:\Program Files\Microsoft Visual Studio\2022\Community\VC\Tools\MSVC\14.43.34808\include\memory(3676,30):
      또는       'bool std::operator ==(const std::unique_ptr<_Ty,_Dx> &,std::nullptr_t) noexcept'
          C:\Users\dawoo\Desktop\ChattingProject\CMFCOpenCVApp_Server\CMFCOpenCVApp\CMFCOpenCVAppDlg.cpp(393,10):
          'bool std::operator ==(const std::unique_ptr<_Ty,_Dx> &,std::nullptr_t) noexcept': 'std::_Binder<std::_Unforced,SOCKET &,SOCKADDR *,size_t>'에서 'const std::unique_ptr<_Ty,_Dx> &'에 대한 템플릿 인수를 추론할 수 없습니다.
      C:\Program Files\Microsoft Visual Studio\2022\Community\VC\Tools\MSVC\14.43.34808\include\memory(3630,30):
      또는       'bool std::operator ==(const std::unique_ptr<_Ty,_Dx> &,const std::unique_ptr<_Ty2,_Dx2> &)'
          C:\Users\dawoo\Desktop\ChattingProject\CMFCOpenCVApp_Server\CMFCOpenCVApp\CMFCOpenCVAppDlg.cpp(393,10):
          'bool std::operator ==(const std::unique_ptr<_Ty,_Dx> &,const std::unique_ptr<_Ty2,_Dx2> &)': 'std::_Binder<std::_Unforced,SOCKET &,SOCKADDR *,size_t>'에서 'const std::unique_ptr<_Ty,_Dx> &'에 대한 템플릿 인수를 추론할 수 없습니다.
      C:\Program Files\Microsoft Visual Studio\2022\Community\VC\Tools\MSVC\14.43.34808\include\memory(1920,17):
      또는       'bool std::operator ==(std::nullptr_t,const std::shared_ptr<_Ty> &) noexcept'
          C:\Users\dawoo\Desktop\ChattingProject\CMFCOpenCVApp_Server\CMFCOpenCVApp\CMFCOpenCVAppDlg.cpp(393,10):
          'bool std::operator ==(std::nullptr_t,const std::shared_ptr<_Ty> &) noexcept': 'int'에서 'const std::shared_ptr<_Ty> &'에 대한 템플릿 인수를 추론할 수 없습니다.
      C:\Program Files\Microsoft Visual Studio\2022\Community\VC\Tools\MSVC\14.43.34808\include\memory(1909,17):
      또는       'bool std::operator ==(const std::shared_ptr<_Ty> &,std::nullptr_t) noexcept'
          C:\Users\dawoo\Desktop\ChattingProject\CMFCOpenCVApp_Server\CMFCOpenCVApp\CMFCOpenCVAppDlg.cpp(393,10):
          'bool std::operator ==(const std::shared_ptr<_Ty> &,std::nullptr_t) noexcept': 'std::_Binder<std::_Unforced,SOCKET &,SOCKADDR *,size_t>'에서 'const std::shared_ptr<_Ty> &'에 대한 템플릿 인수를 추론할 수 없습니다.
      C:\Program Files\Microsoft Visual Studio\2022\Community\VC\Tools\MSVC\14.43.34808\include\memory(1872,17):
      또는       'bool std::operator ==(const std::shared_ptr<_Ty> &,const std::shared_ptr<_Ty0> &) noexcept'
          C:\Users\dawoo\Desktop\ChattingProject\CMFCOpenCVApp_Server\CMFCOpenCVApp\CMFCOpenCVAppDlg.cpp(393,10):
          'bool std::operator ==(const std::shared_ptr<_Ty> &,const std::shared_ptr<_Ty0> &) noexcept': 'std::_Binder<std::_Unforced,SOCKET &,SOCKADDR *,size_t>'에서 'const std::shared_ptr<_Ty> &'에 대한 템플릿 인수를 추론할 수 없습니다.
      C:\Program Files\Microsoft Visual Studio\2022\Community\VC\Tools\MSVC\14.43.34808\include\xstring(3246,17):
      또는       'bool std::operator ==(const _Elem *const ,const std::basic_string<_Elem,_Traits,_Alloc> &) noexcept'
          C:\Users\dawoo\Desktop\ChattingProject\CMFCOpenCVApp_Server\CMFCOpenCVApp\CMFCOpenCVAppDlg.cpp(393,10):
          'bool std::operator ==(const _Elem *const ,const std::basic_string<_Elem,_Traits,_Alloc> &) noexcept': 'std::_Binder<std::_Unforced,SOCKET &,SOCKADDR *,size_t>'에서 'const _Elem *const '에 대한 템플릿 인수를 추론할 수 없습니다.
      C:\Program Files\Microsoft Visual Studio\2022\Community\VC\Tools\MSVC\14.43.34808\include\xstring(3227,30):
      또는       'bool std::operator ==(const std::basic_string<_Elem,_Traits,_Alloc> &,const _Elem *const ) noexcept'
          C:\Users\dawoo\Desktop\ChattingProject\CMFCOpenCVApp_Server\CMFCOpenCVApp\CMFCOpenCVAppDlg.cpp(393,10):
          'bool std::operator ==(const std::basic_string<_Elem,_Traits,_Alloc> &,const _Elem *const ) noexcept': 'std::_Binder<std::_Unforced,SOCKET &,SOCKADDR *,size_t>'에서 'const std::basic_string<_Elem,_Traits,_Alloc> &'에 대한 템플릿 인수를 추론할 수 없습니다.
      C:\Program Files\Microsoft Visual Studio\2022\Community\VC\Tools\MSVC\14.43.34808\include\xstring(3221,30):
      또는       'bool std::operator ==(const std::basic_string<_Elem,_Traits,_Alloc> &,const std::basic_string<_Elem,_Traits,_Alloc> &) noexcept'
          C:\Users\dawoo\Desktop\ChattingProject\CMFCOpenCVApp_Server\CMFCOpenCVApp\CMFCOpenCVAppDlg.cpp(393,10):
          'bool std::operator ==(const std::basic_string<_Elem,_Traits,_Alloc> &,const std::basic_string<_Elem,_Traits,_Alloc> &) noexcept': 'std::_Binder<std::_Unforced,SOCKET &,SOCKADDR *,size_t>'에서 'const std::basic_string<_Elem,_Traits,_Alloc> &'에 대한 템플릿 인수를 추론할 수 없습니다.
      C:\Program Files\Microsoft Visual Studio\2022\Community\VC\Tools\MSVC\14.43.34808\include\xmemory(1046,30):
      또는       'bool std::operator ==(const std::allocator<_Ty> &,const std::allocator<_Other> &) noexcept'
          C:\Users\dawoo\Desktop\ChattingProject\CMFCOpenCVApp_Server\CMFCOpenCVApp\CMFCOpenCVAppDlg.cpp(393,10):
          'bool std::operator ==(const std::allocator<_Ty> &,const std::allocator<_Other> &) noexcept': 'std::_Binder<std::_Unforced,SOCKET &,SOCKADDR *,size_t>'에서 'const std::allocator<_Ty> &'에 대한 템플릿 인수를 추론할 수 없습니다.
      C:\Program Files\Microsoft Visual Studio\2022\Community\VC\Tools\MSVC\14.43.34808\include\xutility(4474,30):
      또는       'bool std::operator ==(const std::move_iterator<_Iter> &,const std::move_iterator<_Iter2> &) noexcept(<expr>)'
          C:\Users\dawoo\Desktop\ChattingProject\CMFCOpenCVApp_Server\CMFCOpenCVApp\CMFCOpenCVAppDlg.cpp(393,10):
          'bool std::operator ==(const std::move_iterator<_Iter> &,const std::move_iterator<_Iter2> &) noexcept(<expr>)': 'std::_Binder<std::_Unforced,SOCKET &,SOCKADDR *,size_t>'에서 'const std::move_iterator<_Iter> &'에 대한 템플릿 인수를 추론할 수 없습니다.
      C:\Program Files\Microsoft Visual Studio\2022\Community\VC\Tools\MSVC\14.43.34808\include\xutility(1926,30):
      또는       'bool std::operator ==(const std::reverse_iterator<_BidIt> &,const std::reverse_iterator<_BidIt2> &) noexcept(<expr>)'
          C:\Users\dawoo\Desktop\ChattingProject\CMFCOpenCVApp_Server\CMFCOpenCVApp\CMFCOpenCVAppDlg.cpp(393,10):
          'bool std::operator ==(const std::reverse_iterator<_BidIt> &,const std::reverse_iterator<_BidIt2> &) noexcept(<expr>)': 'std::_Binder<std::_Unforced,SOCKET &,SOCKADDR *,size_t>'에서 'const std::reverse_iterator<_BidIt> &'에 대한 템플릿 인수를 추론할 수 없습니다.
      C:\Program Files\Microsoft Visual Studio\2022\Community\VC\Tools\MSVC\14.43.34808\include\utility(503,27):
      또는       'bool std::operator ==(const std::pair<_Ty1,_Ty2> &,const std::pair<_Uty1,_Uty2> &)'
          C:\Users\dawoo\Desktop\ChattingProject\CMFCOpenCVApp_Server\CMFCOpenCVApp\CMFCOpenCVAppDlg.cpp(393,10):
          'bool std::operator ==(const std::pair<_Ty1,_Ty2> &,const std::pair<_Uty1,_Uty2> &)': 'std::_Binder<std::_Unforced,SOCKET &,SOCKADDR *,size_t>'에서 'const std::pair<_Ty1,_Ty2> &'에 대한 템플릿 인수를 추론할 수 없습니다.
      C:\opencv\build\include\opencv2\core\mat.inl.hpp(2712,6):
      또는       'bool cv::operator ==(const cv::MatIterator_<_Tp> &,const cv::MatIterator_<_Tp> &)'
          C:\Users\dawoo\Desktop\ChattingProject\CMFCOpenCVApp_Server\CMFCOpenCVApp\CMFCOpenCVAppDlg.cpp(393,10):
          'bool cv::operator ==(const cv::MatIterator_<_Tp> &,const cv::MatIterator_<_Tp> &)': 'std::_Binder<std::_Unforced,SOCKET &,SOCKADDR *,size_t>'에서 'const cv::MatIterator_<_Tp> &'에 대한 템플릿 인수를 추론할 수 없습니다.
      C:\opencv\build\include\opencv2\core\mat.inl.hpp(2575,6):
      또는       'bool cv::operator ==(const cv::MatConstIterator_<_Tp> &,const cv::MatConstIterator_<_Tp> &)'
          C:\Users\dawoo\Desktop\ChattingProject\CMFCOpenCVApp_Server\CMFCOpenCVApp\CMFCOpenCVAppDlg.cpp(393,10):
          'bool cv::operator ==(const cv::MatConstIterator_<_Tp> &,const cv::MatConstIterator_<_Tp> &)': 'std::_Binder<std::_Unforced,SOCKET &,SOCKADDR *,size_t>'에서 'const cv::MatConstIterator_<_Tp> &'에 대한 템플릿 인수를 추론할 수 없습니다.
      C:\opencv\build\include\opencv2\core\mat.hpp(3722,9):
      또는       'cv::MatExpr cv::operator ==(const cv::Matx<_Tp,m,n> &,const cv::Mat &)'
          C:\Users\dawoo\Desktop\ChattingProject\CMFCOpenCVApp_Server\CMFCOpenCVApp\CMFCOpenCVAppDlg.cpp(393,10):
          'cv::MatExpr cv::operator ==(const cv::Matx<_Tp,m,n> &,const cv::Mat &)': 'std::_Binder<std::_Unforced,SOCKET &,SOCKADDR *,size_t>'에서 'const cv::Matx<_Tp,m,n> &'에 대한 템플릿 인수를 추론할 수 없습니다.
      C:\opencv\build\include\opencv2\core\mat.hpp(3720,9):
      또는       'cv::MatExpr cv::operator ==(const cv::Mat &,const cv::Matx<_Tp,m,n> &)'
          C:\Users\dawoo\Desktop\ChattingProject\CMFCOpenCVApp_Server\CMFCOpenCVApp\CMFCOpenCVAppDlg.cpp(393,10):
          'cv::MatExpr cv::operator ==(const cv::Mat &,const cv::Matx<_Tp,m,n> &)': 'int'에서 'const cv::Matx<_Tp,m,n> &'에 대한 템플릿 인수를 추론할 수 없습니다.
      C:\opencv\build\include\opencv2\core\types.hpp(2293,6):
      또는       'bool cv::operator ==(const cv::Scalar_<_Tp> &,const cv::Scalar_<_Tp> &)'
          C:\Users\dawoo\Desktop\ChattingProject\CMFCOpenCVApp_Server\CMFCOpenCVApp\CMFCOpenCVAppDlg.cpp(393,10):
          'bool cv::operator ==(const cv::Scalar_<_Tp> &,const cv::Scalar_<_Tp> &)': 'std::_Binder<std::_Unforced,SOCKET &,SOCKADDR *,size_t>'에서 'const cv::Scalar_<_Tp> &'에 대한 템플릿 인수를 추론할 수 없습니다.
      C:\opencv\build\include\opencv2\core\types.hpp(1982,6):
      또는       'bool cv::operator ==(const cv::Rect_<_Tp> &,const cv::Rect_<_Tp> &)'
          C:\Users\dawoo\Desktop\ChattingProject\CMFCOpenCVApp_Server\CMFCOpenCVApp\CMFCOpenCVAppDlg.cpp(393,10):
          'bool cv::operator ==(const cv::Rect_<_Tp> &,const cv::Rect_<_Tp> &)': 'std::_Binder<std::_Unforced,SOCKET &,SOCKADDR *,size_t>'에서 'const cv::Rect_<_Tp> &'에 대한 템플릿 인수를 추론할 수 없습니다.
      C:\opencv\build\include\opencv2\core\types.hpp(1796,6):
      또는       'bool cv::operator ==(const cv::Size_<_Tp> &,const cv::Size_<_Tp> &)'
          C:\Users\dawoo\Desktop\ChattingProject\CMFCOpenCVApp_Server\CMFCOpenCVApp\CMFCOpenCVAppDlg.cpp(393,10):
          'bool cv::operator ==(const cv::Size_<_Tp> &,const cv::Size_<_Tp> &)': 'std::_Binder<std::_Unforced,SOCKET &,SOCKADDR *,size_t>'에서 'const cv::Size_<_Tp> &'에 대한 템플릿 인수를 추론할 수 없습니다.
      C:\opencv\build\include\opencv2\core\types.hpp(1585,6):
      또는       'bool cv::operator ==(const cv::Point3_<_Tp> &,const cv::Point3_<_Tp> &)'
          C:\Users\dawoo\Desktop\ChattingProject\CMFCOpenCVApp_Server\CMFCOpenCVApp\CMFCOpenCVAppDlg.cpp(393,10):
          'bool cv::operator ==(const cv::Point3_<_Tp> &,const cv::Point3_<_Tp> &)': 'std::_Binder<std::_Unforced,SOCKET &,SOCKADDR *,size_t>'에서 'const cv::Point3_<_Tp> &'에 대한 템플릿 인수를 추론할 수 없습니다.
      C:\opencv\build\include\opencv2\core\types.hpp(1338,6):
      또는       'bool cv::operator ==(const cv::Point_<_Tp> &,const cv::Point_<_Tp> &)'
          C:\Users\dawoo\Desktop\ChattingProject\CMFCOpenCVApp_Server\CMFCOpenCVApp\CMFCOpenCVAppDlg.cpp(393,10):
          'bool cv::operator ==(const cv::Point_<_Tp> &,const cv::Point_<_Tp> &)': 'std::_Binder<std::_Unforced,SOCKET &,SOCKADDR *,size_t>'에서 'const cv::Point_<_Tp> &'에 대한 템플릿 인수를 추론할 수 없습니다.
      C:\opencv\build\include\opencv2\core\types.hpp(1053,6):
      또는       'bool cv::operator ==(const cv::Complex<_Tp> &,const cv::Complex<_Tp> &)'
          C:\Users\dawoo\Desktop\ChattingProject\CMFCOpenCVApp_Server\CMFCOpenCVApp\CMFCOpenCVAppDlg.cpp(393,10):
          'bool cv::operator ==(const cv::Complex<_Tp> &,const cv::Complex<_Tp> &)': 'std::_Binder<std::_Unforced,SOCKET &,SOCKADDR *,size_t>'에서 'const cv::Complex<_Tp> &'에 대한 템플릿 인수를 추론할 수 없습니다.
      C:\opencv\build\include\opencv2\core\matx.hpp(332,6):
      또는       'bool cv::operator ==(const cv::Matx<_Tp,m,n> &,const cv::Matx<_Tp,m,n> &)'
          C:\Users\dawoo\Desktop\ChattingProject\CMFCOpenCVApp_Server\CMFCOpenCVApp\CMFCOpenCVAppDlg.cpp(393,10):
          'bool cv::operator ==(const cv::Matx<_Tp,m,n> &,const cv::Matx<_Tp,m,n> &)': 'std::_Binder<std::_Unforced,SOCKET &,SOCKADDR *,size_t>'에서 'const cv::Matx<_Tp,m,n> &'에 대한 템플릿 인수를 추론할 수 없습니다.
      C:\Users\dawoo\Desktop\ChattingProject\CMFCOpenCVApp_Server\CMFCOpenCVApp\CMFCOpenCVAppDlg.cpp(393,10):
      인수 목록 '(std::_Binder<std::_Unforced,SOCKET &,SOCKADDR *,size_t>, int)'을(를) 일치시키는 동안
  
C:\Users\dawoo\Desktop\ChattingProject\CMFCOpenCVApp_Server\CMFCOpenCVApp\CMFCOpenCVAppDlg.cpp(465,16): warning C4267: '초기화 중': 'size_t'에서 'int'(으)로 변환하면서 데이터가 손실될 수 있습니다.
  (소스 파일 '/CMFCOpenCVAppDlg.cpp'을(를) 컴파일하는 중)
  
